2022/07/15 16:10:05 User-Id: .
--------------Error----------------
Content: {
    "code": "401",
    "msg": "User not found"
}
-----------------------------------------------


2022/07/15 16:12:09 User-Id: .
--------------Error----------------
Content: {
    "code": "401",
    "msg": "User not found"
}
-----------------------------------------------


2022/07/15 16:12:11 User-Id: .
--------------Error----------------
Content: {
    "code": "401",
    "msg": "User not found"
}
-----------------------------------------------


